<?xml version="1.0" encoding="UTF-8"?>
<!-- Generated by org.testng.reporters.JUnitReportReporter -->
<testsuite hostname="LAPTOP-TO73PJJS" failures="0" tests="3" name="com.mindtree.runner.TestRunner" time="37.185" errors="0" timestamp="2022-01-03T05:56:06 IST" skipped="0">
  <testcase classname="com.mindtree.runner.TestRunner" name="runScenario" time="8.438"/>
  <testcase classname="com.mindtree.runner.TestRunner" name="runScenario" time="16.672"/>
  <testcase classname="com.mindtree.runner.TestRunner" name="runScenario" time="12.075"/>
</testsuite> <!-- com.mindtree.runner.TestRunner -->
