<?xml version="1.0" encoding="UTF-8"?>
<!-- Generated by org.testng.reporters.JUnitReportReporter -->
<testsuite hostname="LAPTOP-TO73PJJS" failures="0" tests="3" name="com.mindtree.runner.TestRunner" time="24.872" errors="0" timestamp="2022-01-03T05:58:11 IST" skipped="0">
  <testcase classname="com.mindtree.runner.TestRunner" name="runScenario" time="10.047"/>
  <testcase classname="com.mindtree.runner.TestRunner" name="runScenario" time="7.596"/>
  <testcase classname="com.mindtree.runner.TestRunner" name="runScenario" time="7.229"/>
</testsuite> <!-- com.mindtree.runner.TestRunner -->
